current directory: /dashing/bundle/gems/eventmachine-1.2.3/ext/fastfilereader
/usr/local/bin/ruby -r ./siteconf20170707-37-zqyhq2.rb extconf.rb
creating Makefile

To see why this extension failed to compile, please check the mkmf.log which can be found here:

  /dashing/bundle/extensions/x86_64-linux/2.3.0-static/eventmachine-1.2.3/mkmf.log

current directory: /dashing/bundle/gems/eventmachine-1.2.3/ext/fastfilereader
make "DESTDIR=" clean
make: Warning: File 'Makefile' has modification time 372039 s in the future
make: warning:  Clock skew detected.  Your build may be incomplete.

current directory: /dashing/bundle/gems/eventmachine-1.2.3/ext/fastfilereader
make "DESTDIR="
make: Warning: File 'Makefile' has modification time 372039 s in the future
compiling mapper.cpp
cc1plus: warning: command line option '-Wdeclaration-after-statement' is valid for C/ObjC but not for C++
cc1plus: warning: command line option '-Wimplicit-function-declaration' is valid for C/ObjC but not for C++
compiling rubymain.cpp
cc1plus: warning: command line option '-Wdeclaration-after-statement' is valid for C/ObjC but not for C++
cc1plus: warning: command line option '-Wimplicit-function-declaration' is valid for C/ObjC but not for C++
linking shared-object fastfilereaderext.so
make: warning:  Clock skew detected.  Your build may be incomplete.

current directory: /dashing/bundle/gems/eventmachine-1.2.3/ext/fastfilereader
make "DESTDIR=" install
make: Warning: File 'Makefile' has modification time 372037 s in the future
/usr/bin/install -c -m 0755 fastfilereaderext.so ./.gem.20170707-37-1k9vyyw
make: warning:  Clock skew detected.  Your build may be incomplete.
